#
# A fatal error has been detected by the Java Runtime Environment:
#
#  EXCEPTION_ACCESS_VIOLATION (0xc0000005) at pc=0x00007ffabd53d002, pid=2340, tid=6132
#
# JRE version:  (17.0.9+11) (build )
# Java VM: Java HotSpot(TM) 64-Bit Server VM (17.0.9+11-LTS-201, mixed mode, sharing, tiered, compressed oops, compressed class ptrs, g1 gc, windows-amd64)
# Problematic frame:
# V  [jvm.dll+0x41d002]
#
# No core dump will be written. Minidumps are not enabled by default on client versions of Windows
#
#

---------------  S U M M A R Y ------------

Command Line: -Dclassworlds.conf=C:\Program Files\apache-maven-3.9.5-bin\apache-maven-3.9.5\bin\m2.conf -Dmaven.home=C:\Program Files\apache-maven-3.9.5-bin\apache-maven-3.9.5 -Dlibrary.jansi.path=C:\Program Files\apache-maven-3.9.5-bin\apache-maven-3.9.5\lib\jansi-native -Dmaven.multiModuleProjectDirectory=D:\MERN Work\Secure Bank\opbank\opbank3 org.codehaus.plexus.classworlds.launcher.Launcher clean install

Host: Intel(R) Core(TM) i5-10210U CPU @ 1.60GHz, 8 cores, 31G,  Windows 10 , 64 bit Build 19041 (10.0.19041.3570)
Time: Wed Oct 25 09:33:39 2023 Pakistan Standard Time elapsed time: 0.045753 seconds (0d 0h 0m 0s)

---------------  T H R E A D  ---------------

Current thread (0x000001e52e422c00):  JavaThread "main" [_thread_in_vm, id=6132, stack(0x0000009db9500000,0x0000009db9600000)]

Stack: [0x0000009db9500000,0x0000009db9600000],  sp=0x0000009db95fde40,  free space=1015k
Native frames: (J=compiled Java code, j=interpreted, Vv=VM code, C=native code)
V  [jvm.dll+0x41d002]
C  0x000001e53e9ed621

Java frames: (J=compiled Java code, j=interpreted, Vv=VM code)
j  java.security.AccessController.getStackAccessControlContext()Ljava/security/AccessControlContext;+0 java.base
j  java.security.AccessController.getContext()Ljava/security/AccessControlContext;+0 java.base
j  java.lang.Thread.<init>(Ljava/lang/ThreadGroup;Ljava/lang/Runnable;Ljava/lang/String;JLjava/security/AccessControlContext;Z)V+191 java.base
j  java.lang.Thread.<init>(Ljava/lang/ThreadGroup;Ljava/lang/Runnable;Ljava/lang/String;J)V+8 java.base
j  java.lang.Thread.<init>(Ljava/lang/ThreadGroup;Ljava/lang/String;)V+5 java.base
v  ~StubRoutines::call_stub

siginfo: EXCEPTION_ACCESS_VIOLATION (0xc0000005), writing address 0xffffffffffffffdb


Register to memory mapping:

RIP=0x00007ffabd53d002 jvm.dll
RAX=0x000001e52e30dc78 points into unknown readable memory: 0x0000000623001fa0 | a0 1f 00 23 06 00 00 00
RBX=0x0000009db95ff748 is pointing into the stack for thread: 0x000001e52e422c00
RCX=0x000001e52e220710 points into unknown readable memory: 0x0067006f00000002 | 02 00 00 00 6f 00 67 00
RDX=0x000001e52e422c00 is a thread
RSP=0x0000009db95fde40 is pointing into the stack for thread: 0x000001e52e422c00
RBP=0x0000009db95fdf40 is pointing into the stack for thread: 0x000001e52e422c00
RSI=0x0 is NULL
RDI=0x000001e53e9e9657 is at code_begin+1463 in an Interpreter codelet
return entry points  [0x000001e53e9e90a0, 0x000001e53e9e9ba0]  2816 bytes
R8 =0x0000000000000050 is an unknown value
R9 =0x0000000000000003 is an unknown value
R10=0x00007ffb1b250000 VCRUNTIME140.dll
R11=0x0000000000000028 is an unknown value
R12=0x0 is NULL
R13=0x000001e52e422c00 is a thread
R14=0x000001e55c85ace0 points into unknown readable memory: 0x00000006230099f0 | f0 99 00 23 06 00 00 00
R15=0x000001e52e422c00 is a thread


Registers:
RAX=0x000001e52e30dc78, RBX=0x0000009db95ff748, RCX=0x000001e52e220710, RDX=0x000001e52e422c00
RSP=0x0000009db95fde40, RBP=0x0000009db95fdf40, RSI=0x0000000000000000, RDI=0x000001e53e9e9657
R8 =0x0000000000000050, R9 =0x0000000000000003, R10=0x00007ffb1b250000, R11=0x0000000000000028
R12=0x0000000000000000, R13=0x000001e52e422c00, R14=0x000001e55c85ace0, R15=0x000001e52e422c00
RIP=0x00007ffabd53d002, EFLAGS=0x0000000000010246

Top of Stack: (sp=0x0000009db95fde40)
0x0000009db95fde40:   0000000000000000 0000009db95fdf40
0x0000009db95fde50:   000001e52e4230f0 0000000000000000
0x0000009db95fde60:   0000009db95fdf00 000001e52e422c00
0x0000009db95fde70:   000001e52e220690 0000000000000008
0x0000009db95fde80:   000001e52e4230e0 00000000000003d8
0x0000009db95fde90:   000001e52e4230f0 000001e52e4234c8
0x0000009db95fdea0:   00007ffabda502a0 0000000000000000
0x0000009db95fdeb0:   0000000000000000 0000000000000000
0x0000009db95fdec0:   0000279d00000000 0000000000000000
0x0000009db95fded0:   0000009db95ff4c0 000001e53e9e1010
0x0000009db95fdee0:   000001e53e9e0e90 00007ffb00000000
0x0000009db95fdef0:   0000009db95ff6b0 0000009db95ff4c0
0x0000009db95fdf00:   0000009db95ff438 000001e53e9e94fe
0x0000009db95fdf10:   000001e53e9e8e10 00007ffb00000000
0x0000009db95fdf20:   0000009db95ff4b0 0000009db95ff438
0x0000009db95fdf30:   0000009db95ff4c0 000001e53e9e1010 

Instructions: (pc=0x00007ffabd53d002)
0x00007ffabd53cf02:   32 cf 6e 00 b9 18 00 00 00 49 0f 45 cd 48 8d 14
0x00007ffabd53cf12:   81 eb 14 44 38 35 1c cf 6e 00 ba 18 00 00 00 49
0x00007ffabd53cf22:   0f 45 d5 48 8d 14 c2 48 8b 0b ff 15 ee 4f 68 00
0x00007ffabd53cf32:   41 ff c7 49 83 c4 08 44 3b 3e 7c a2 4c 8b 6c 24
0x00007ffabd53cf42:   28 0f b6 54 24 20 48 8b cb 4d 8b cd 4c 8b c7 e8
0x00007ffabd53cf52:   3a e3 f6 ff 4d 39 75 08 75 11 45 33 c0 48 8b d0
0x00007ffabd53cf62:   49 8b cd e8 86 cb fe ff 4c 8b f0 48 8d 4c 24 60
0x00007ffabd53cf72:   e8 e9 d0 0f 00 48 8b 7c 24 40 4c 8b bc 24 d0 13
0x00007ffabd53cf82:   00 00 4c 8b a4 24 18 14 00 00 48 8b b4 24 08 14
0x00007ffabd53cf92:   00 00 48 83 3f 00 48 8b 5c 24 30 74 15 48 8b 54
0x00007ffabd53cfa2:   24 48 48 8b cb e8 b4 e3 c8 ff 48 8b cf e8 1c e3
0x00007ffabd53cfb2:   c8 ff 48 8b 44 24 50 48 89 43 18 48 8b 44 24 58
0x00007ffabd53cfc2:   48 89 7b 10 48 8b bc 24 10 14 00 00 48 89 43 20
0x00007ffabd53cfd2:   49 8b 9d e8 00 00 00 48 8b 43 10 48 83 38 00 74
0x00007ffabd53cfe2:   08 48 8b cb e8 f5 cb f2 ff 48 8b 4b 08 49 8b d5
0x00007ffabd53cff2:   48 8b 43 10 48 89 41 10 48 8b 4b 08 48 8b 43 18
0x00007ffabd53d002:   48 66 41 18 48 8b 4b 08 48 8b 43 20 48 89 41 20
0x00007ffabd53d012:   49 64 8d 90 02 00 00 e8 d2 99 ea ff 90 49 8b c6
0x00007ffabd53d022:   41 66 85 40 03 00 00 04 00 1d 00 48 8b 8d c0 12
0x00007ffabd53d032:   00 e6 48 33 cc e8 04 9a 41 98 48 81 c4 d8 13 00
0x00007ffabd53d042:   00 43 5e 41 5d 5b 5d c3 cc bc cc cc cc cc 48 89
0x00007ffabd53d052:   5c 4d 08 48 89 6c 24 10 48 30 74 24 18 57 41 54
0x00007ffabd53d062:   41 c3 41 56 41 57 48 83 ec 1c 8b 81 b8 00 00 00
0x00007ffabd53d072:   48 8d 99 50 fd ff ff 05 55 5c ff ff 33 ed 48 8b
0x00007ffabd53d082:   f2 83 f8 01 76 0a 48 8b cb e8 20 c8 36 00 8b dd
0x00007ffabd53d092:   c7 83 40 03 00 00 05 00 00 00 e8 6f cc 24 00 90
0x00007ffabd53d0a2:   48 8b 83 48 03 00 00 a8 01 74 0a b2 01 48 8b cb
0x00007ffabd53d0b2:   e8 29 cd 2b 00 39 ab 34 03 00 00 75 0a 8b 83 30
0x00007ffabd53d0c2:   03 00 00 a8 0c 74 0a 33 d2 48 8b cb e8 bd ef 36
0x00007ffabd53d0d2:   00 c7 83 40 03 00 00 06 00 00 00 48 8d 4c 24 20
0x00007ffabd53d0e2:   48 8b bb 38 02 00 00 4c 8b 77 10 4c 8b 67 18 4c
0x00007ffabd53d0f2:   8b 6f 20 4c 8b 7f 28 e8 12 cd 0f 00 40 f6 c6 01 


Stack slot to memory mapping:
stack at sp + 0 slots: 0x0 is NULL
stack at sp + 1 slots: 0x0000009db95fdf40 is pointing into the stack for thread: 0x000001e52e422c00
stack at sp + 2 slots: 0x000001e52e4230f0 points into unknown readable memory: 0x0000000c00000000 | 00 00 00 00 0c 00 00 00
stack at sp + 3 slots: 0x0 is NULL
stack at sp + 4 slots: 0x0000009db95fdf00 is pointing into the stack for thread: 0x000001e52e422c00
stack at sp + 5 slots: 0x000001e52e422c00 is a thread
stack at sp + 6 slots: 0x000001e52e220690 points into unknown readable memory: 0x000001e500000002 | 02 00 00 00 e5 01 00 00
stack at sp + 7 slots: 0x0000000000000008 is an unknown value


---------------  P R O C E S S  ---------------

Threads class SMR info:
_java_thread_list=0x000001e55c62ed40, length=1, elements={
0x000001e52e422c00
}

Java Threads: ( => current thread )
=>0x000001e52e422c00 JavaThread "main" [_thread_in_vm, id=6132, stack(0x0000009db9500000,0x0000009db9600000)]

Other Threads:
  0x000001e55c856670 VMThread "VM Thread" [stack: 0x0000009db9b00000,0x0000009db9c00000] [id=13984]
  0x000001e52e4ce5d0 GCTaskThread "GC Thread#0" [stack: 0x0000009db9600000,0x0000009db9700000] [id=1068]
  0x000001e52e4df370 ConcurrentGCThread "G1 Main Marker" [stack: 0x0000009db9700000,0x0000009db9800000] [id=4540]
  0x000001e52e4e0520 ConcurrentGCThread "G1 Conc#0" [stack: 0x0000009db9800000,0x0000009db9900000] [id=13216]
  0x000001e55c4eb0d0 ConcurrentGCThread "G1 Refine#0" [stack: 0x0000009db9900000,0x0000009db9a00000] [id=11504]
  0x000001e55c4eda10 ConcurrentGCThread "G1 Service" [stack: 0x0000009db9a00000,0x0000009db9b00000] [id=8700]

Threads with active compile tasks:

VM state: not at safepoint (normal execution)

VM Mutex/Monitor currently owned by a thread: None

Heap address: 0x0000000603400000, size: 8140 MB, Compressed Oops mode: Zero based, Oop shift amount: 3

CDS archive(s) mapped at: [0x000001e55d000000-0x000001e55dbd0000-0x000001e55dbd0000), size 12386304, SharedBaseAddress: 0x000001e55d000000, ArchiveRelocationMode: 1.
Compressed class space mapped at: 0x000001e55e000000-0x000001e59e000000, reserved size: 1073741824
Narrow klass base: 0x000001e55d000000, Narrow klass shift: 0, Narrow klass range: 0x100000000

GC Precious Log:
 CPUs: 8 total, 8 available
 Memory: 32555M
 Large Page Support: Disabled
 NUMA Support: Disabled
 Compressed Oops: Enabled (Zero based)
 Heap Region Size: 4M
 Heap Min Capacity: 8M
 Heap Initial Capacity: 512M
 Heap Max Capacity: 8140M
 Pre-touch: Disabled
 Parallel Workers: 8
 Concurrent Workers: 2
 Concurrent Refinement Workers: 8
 Periodic GC: Disabled

Heap:
 garbage-first heap   total 524288K, used 0K [0x0000000603400000, 0x0000000800000000)
  region size 4096K, 1 young (4096K), 0 survivors (0K)
 Metaspace       used 2K, committed 128K, reserved 1114112K
  class space    used 0K, committed 64K, reserved 1048576K

Heap Regions: E=young(eden), S=young(survivor), O=old, HS=humongous(starts), HC=humongous(continues), CS=collection set, F=free, OA=open archive, CA=closed archive, TAMS=top-at-mark-start (previous, next)
|   0|0x0000000603400000, 0x0000000603400000, 0x0000000603800000|  0%| F|  |TAMS 0x0000000603400000, 0x0000000603400000| Untracked 
|   1|0x0000000603800000, 0x0000000603800000, 0x0000000603c00000|  0%| F|  |TAMS 0x0000000603800000, 0x0000000603800000| Untracked 
|   2|0x0000000603c00000, 0x0000000603c00000, 0x0000000604000000|  0%| F|  |TAMS 0x0000000603c00000, 0x0000000603c00000| Untracked 
|   3|0x0000000604000000, 0x0000000604000000, 0x0000000604400000|  0%| F|  |TAMS 0x0000000604000000, 0x0000000604000000| Untracked 
|   4|0x0000000604400000, 0x0000000604400000, 0x0000000604800000|  0%| F|  |TAMS 0x0000000604400000, 0x0000000604400000| Untracked 
|   5|0x0000000604800000, 0x0000000604800000, 0x0000000604c00000|  0%| F|  |TAMS 0x0000000604800000, 0x0000000604800000| Untracked 
|   6|0x0000000604c00000, 0x0000000604c00000, 0x0000000605000000|  0%| F|  |TAMS 0x0000000604c00000, 0x0000000604c00000| Untracked 
|   7|0x0000000605000000, 0x0000000605000000, 0x0000000605400000|  0%| F|  |TAMS 0x0000000605000000, 0x0000000605000000| Untracked 
|   8|0x0000000605400000, 0x0000000605400000, 0x0000000605800000|  0%| F|  |TAMS 0x0000000605400000, 0x0000000605400000| Untracked 
|   9|0x0000000605800000, 0x0000000605800000, 0x0000000605c00000|  0%| F|  |TAMS 0x0000000605800000, 0x0000000605800000| Untracked 
|  10|0x0000000605c00000, 0x0000000605c00000, 0x0000000606000000|  0%| F|  |TAMS 0x0000000605c00000, 0x0000000605c00000| Untracked 
|  11|0x0000000606000000, 0x0000000606000000, 0x0000000606400000|  0%| F|  |TAMS 0x0000000606000000, 0x0000000606000000| Untracked 
|  12|0x0000000606400000, 0x0000000606400000, 0x0000000606800000|  0%| F|  |TAMS 0x0000000606400000, 0x0000000606400000| Untracked 
|  13|0x0000000606800000, 0x0000000606800000, 0x0000000606c00000|  0%| F|  |TAMS 0x0000000606800000, 0x0000000606800000| Untracked 
|  14|0x0000000606c00000, 0x0000000606c00000, 0x0000000607000000|  0%| F|  |TAMS 0x0000000606c00000, 0x0000000606c00000| Untracked 
|  15|0x0000000607000000, 0x0000000607000000, 0x0000000607400000|  0%| F|  |TAMS 0x0000000607000000, 0x0000000607000000| Untracked 
|  16|0x0000000607400000, 0x0000000607400000, 0x0000000607800000|  0%| F|  |TAMS 0x0000000607400000, 0x0000000607400000| Untracked 
|  17|0x0000000607800000, 0x0000000607800000, 0x0000000607c00000|  0%| F|  |TAMS 0x0000000607800000, 0x0000000607800000| Untracked 
|  18|0x0000000607c00000, 0x0000000607c00000, 0x0000000608000000|  0%| F|  |TAMS 0x0000000607c00000, 0x0000000607c00000| Untracked 
|  19|0x0000000608000000, 0x0000000608000000, 0x0000000608400000|  0%| F|  |TAMS 0x0000000608000000, 0x0000000608000000| Untracked 
|  20|0x0000000608400000, 0x0000000608400000, 0x0000000608800000|  0%| F|  |TAMS 0x0000000608400000, 0x0000000608400000| Untracked 
|  21|0x0000000608800000, 0x0000000608800000, 0x0000000608c00000|  0%| F|  |TAMS 0x0000000608800000, 0x0000000608800000| Untracked 
|  22|0x0000000608c00000, 0x0000000608c00000, 0x0000000609000000|  0%| F|  |TAMS 0x0000000608c00000, 0x0000000608c00000| Untracked 
|  23|0x0000000609000000, 0x0000000609000000, 0x0000000609400000|  0%| F|  |TAMS 0x0000000609000000, 0x0000000609000000| Untracked 
|  24|0x0000000609400000, 0x0000000609400000, 0x0000000609800000|  0%| F|  |TAMS 0x0000000609400000, 0x0000000609400000| Untracked 
|  25|0x0000000609800000, 0x0000000609800000, 0x0000000609c00000|  0%| F|  |TAMS 0x0000000609800000, 0x0000000609800000| Untracked 
|  26|0x0000000609c00000, 0x0000000609c00000, 0x000000060a000000|  0%| F|  |TAMS 0x0000000609c00000, 0x0000000609c00000| Untracked 
|  27|0x000000060a000000, 0x000000060a000000, 0x000000060a400000|  0%| F|  |TAMS 0x000000060a000000, 0x000000060a000000| Untracked 
|  28|0x000000060a400000, 0x000000060a400000, 0x000000060a800000|  0%| F|  |TAMS 0x000000060a400000, 0x000000060a400000| Untracked 
|  29|0x000000060a800000, 0x000000060a800000, 0x000000060ac00000|  0%| F|  |TAMS 0x000000060a800000, 0x000000060a800000| Untracked 
|  30|0x000000060ac00000, 0x000000060ac00000, 0x000000060b000000|  0%| F|  |TAMS 0x000000060ac00000, 0x000000060ac00000| Untracked 
|  31|0x000000060b000000, 0x000000060b000000, 0x000000060b400000|  0%| F|  |TAMS 0x000000060b000000, 0x000000060b000000| Untracked 
|  32|0x000000060b400000, 0x000000060b400000, 0x000000060b800000|  0%| F|  |TAMS 0x000000060b400000, 0x000000060b400000| Untracked 
|  33|0x000000060b800000, 0x000000060b800000, 0x000000060bc00000|  0%| F|  |TAMS 0x000000060b800000, 0x000000060b800000| Untracked 
|  34|0x000000060bc00000, 0x000000060bc00000, 0x000000060c000000|  0%| F|  |TAMS 0x000000060bc00000, 0x000000060bc00000| Untracked 
|  35|0x000000060c000000, 0x000000060c000000, 0x000000060c400000|  0%| F|  |TAMS 0x000000060c000000, 0x000000060c000000| Untracked 
|  36|0x000000060c400000, 0x000000060c400000, 0x000000060c800000|  0%| F|  |TAMS 0x000000060c400000, 0x000000060c400000| Untracked 
|  37|0x000000060c800000, 0x000000060c800000, 0x000000060cc00000|  0%| F|  |TAMS 0x000000060c800000, 0x000000060c800000| Untracked 
|  38|0x000000060cc00000, 0x000000060cc00000, 0x000000060d000000|  0%| F|  |TAMS 0x000000060cc00000, 0x000000060cc00000| Untracked 
|  39|0x000000060d000000, 0x000000060d000000, 0x000000060d400000|  0%| F|  |TAMS 0x000000060d000000, 0x000000060d000000| Untracked 
|  40|0x000000060d400000, 0x000000060d400000, 0x000000060d800000|  0%| F|  |TAMS 0x000000060d400000, 0x000000060d400000| Untracked 
|  41|0x000000060d800000, 0x000000060d800000, 0x000000060dc00000|  0%| F|  |TAMS 0x000000060d800000, 0x000000060d800000| Untracked 
|  42|0x000000060dc00000, 0x000000060dc00000, 0x000000060e000000|  0%| F|  |TAMS 0x000000060dc00000, 0x000000060dc00000| Untracked 
|  43|0x000000060e000000, 0x000000060e000000, 0x000000060e400000|  0%| F|  |TAMS 0x000000060e000000, 0x000000060e000000| Untracked 
|  44|0x000000060e400000, 0x000000060e400000, 0x000000060e800000|  0%| F|  |TAMS 0x000000060e400000, 0x000000060e400000| Untracked 
|  45|0x000000060e800000, 0x000000060e800000, 0x000000060ec00000|  0%| F|  |TAMS 0x000000060e800000, 0x000000060e800000| Untracked 
|  46|0x000000060ec00000, 0x000000060ec00000, 0x000000060f000000|  0%| F|  |TAMS 0x000000060ec00000, 0x000000060ec00000| Untracked 
|  47|0x000000060f000000, 0x000000060f000000, 0x000000060f400000|  0%| F|  |TAMS 0x000000060f000000, 0x000000060f000000| Untracked 
|  48|0x000000060f400000, 0x000000060f400000, 0x000000060f800000|  0%| F|  |TAMS 0x000000060f400000, 0x000000060f400000| Untracked 
|  49|0x000000060f800000, 0x000000060f800000, 0x000000060fc00000|  0%| F|  |TAMS 0x000000060f800000, 0x000000060f800000| Untracked 
|  50|0x000000060fc00000, 0x000000060fc00000, 0x0000000610000000|  0%| F|  |TAMS 0x000000060fc00000, 0x000000060fc00000| Untracked 
|  51|0x0000000610000000, 0x0000000610000000, 0x0000000610400000|  0%| F|  |TAMS 0x0000000610000000, 0x0000000610000000| Untracked 
|  52|0x0000000610400000, 0x0000000610400000, 0x0000000610800000|  0%| F|  |TAMS 0x0000000610400000, 0x0000000610400000| Untracked 
|  53|0x0000000610800000, 0x0000000610800000, 0x0000000610c00000|  0%| F|  |TAMS 0x0000000610800000, 0x0000000610800000| Untracked 
|  54|0x0000000610c00000, 0x0000000610c00000, 0x0000000611000000|  0%| F|  |TAMS 0x0000000610c00000, 0x0000000610c00000| Untracked 
|  55|0x0000000611000000, 0x0000000611000000, 0x0000000611400000|  0%| F|  |TAMS 0x0000000611000000, 0x0000000611000000| Untracked 
|  56|0x0000000611400000, 0x0000000611400000, 0x0000000611800000|  0%| F|  |TAMS 0x0000000611400000, 0x0000000611400000| Untracked 
|  57|0x0000000611800000, 0x0000000611800000, 0x0000000611c00000|  0%| F|  |TAMS 0x0000000611800000, 0x0000000611800000| Untracked 
|  58|0x0000000611c00000, 0x0000000611c00000, 0x0000000612000000|  0%| F|  |TAMS 0x0000000611c00000, 0x0000000611c00000| Untracked 
|  59|0x0000000612000000, 0x0000000612000000, 0x0000000612400000|  0%| F|  |TAMS 0x0000000612000000, 0x0000000612000000| Untracked 
|  60|0x0000000612400000, 0x0000000612400000, 0x0000000612800000|  0%| F|  |TAMS 0x0000000612400000, 0x0000000612400000| Untracked 
|  61|0x0000000612800000, 0x0000000612800000, 0x0000000612c00000|  0%| F|  |TAMS 0x0000000612800000, 0x0000000612800000| Untracked 
|  62|0x0000000612c00000, 0x0000000612c00000, 0x0000000613000000|  0%| F|  |TAMS 0x0000000612c00000, 0x0000000612c00000| Untracked 
|  63|0x0000000613000000, 0x0000000613000000, 0x0000000613400000|  0%| F|  |TAMS 0x0000000613000000, 0x0000000613000000| Untracked 
|  64|0x0000000613400000, 0x0000000613400000, 0x0000000613800000|  0%| F|  |TAMS 0x0000000613400000, 0x0000000613400000| Untracked 
|  65|0x0000000613800000, 0x0000000613800000, 0x0000000613c00000|  0%| F|  |TAMS 0x0000000613800000, 0x0000000613800000| Untracked 
|  66|0x0000000613c00000, 0x0000000613c00000, 0x0000000614000000|  0%| F|  |TAMS 0x0000000613c00000, 0x0000000613c00000| Untracked 
|  67|0x0000000614000000, 0x0000000614000000, 0x0000000614400000|  0%| F|  |TAMS 0x0000000614000000, 0x0000000614000000| Untracked 
|  68|0x0000000614400000, 0x0000000614400000, 0x0000000614800000|  0%| F|  |TAMS 0x0000000614400000, 0x0000000614400000| Untracked 
|  69|0x0000000614800000, 0x0000000614800000, 0x0000000614c00000|  0%| F|  |TAMS 0x0000000614800000, 0x0000000614800000| Untracked 
|  70|0x0000000614c00000, 0x0000000614c00000, 0x0000000615000000|  0%| F|  |TAMS 0x0000000614c00000, 0x0000000614c00000| Untracked 
|  71|0x0000000615000000, 0x0000000615000000, 0x0000000615400000|  0%| F|  |TAMS 0x0000000615000000, 0x0000000615000000| Untracked 
|  72|0x0000000615400000, 0x0000000615400000, 0x0000000615800000|  0%| F|  |TAMS 0x0000000615400000, 0x0000000615400000| Untracked 
|  73|0x0000000615800000, 0x0000000615800000, 0x0000000615c00000|  0%| F|  |TAMS 0x0000000615800000, 0x0000000615800000| Untracked 
|  74|0x0000000615c00000, 0x0000000615c00000, 0x0000000616000000|  0%| F|  |TAMS 0x0000000615c00000, 0x0000000615c00000| Untracked 
|  75|0x0000000616000000, 0x0000000616000000, 0x0000000616400000|  0%| F|  |TAMS 0x0000000616000000, 0x0000000616000000| Untracked 
|  76|0x0000000616400000, 0x0000000616400000, 0x0000000616800000|  0%| F|  |TAMS 0x0000000616400000, 0x0000000616400000| Untracked 
|  77|0x0000000616800000, 0x0000000616800000, 0x0000000616c00000|  0%| F|  |TAMS 0x0000000616800000, 0x0000000616800000| Untracked 
|  78|0x0000000616c00000, 0x0000000616c00000, 0x0000000617000000|  0%| F|  |TAMS 0x0000000616c00000, 0x0000000616c00000| Untracked 
|  79|0x0000000617000000, 0x0000000617000000, 0x0000000617400000|  0%| F|  |TAMS 0x0000000617000000, 0x0000000617000000| Untracked 
|  80|0x0000000617400000, 0x0000000617400000, 0x0000000617800000|  0%| F|  |TAMS 0x0000000617400000, 0x0000000617400000| Untracked 
|  81|0x0000000617800000, 0x0000000617800000, 0x0000000617c00000|  0%| F|  |TAMS 0x0000000617800000, 0x0000000617800000| Untracked 
|  82|0x0000000617c00000, 0x0000000617c00000, 0x0000000618000000|  0%| F|  |TAMS 0x0000000617c00000, 0x0000000617c00000| Untracked 
|  83|0x0000000618000000, 0x0000000618000000, 0x0000000618400000|  0%| F|  |TAMS 0x0000000618000000, 0x0000000618000000| Untracked 
|  84|0x0000000618400000, 0x0000000618400000, 0x0000000618800000|  0%| F|  |TAMS 0x0000000618400000, 0x0000000618400000| Untracked 
|  85|0x0000000618800000, 0x0000000618800000, 0x0000000618c00000|  0%| F|  |TAMS 0x0000000618800000, 0x0000000618800000| Untracked 
|  86|0x0000000618c00000, 0x0000000618c00000, 0x0000000619000000|  0%| F|  |TAMS 0x0000000618c00000, 0x0000000618c00000| Untracked 
|  87|0x0000000619000000, 0x0000000619000000, 0x0000000619400000|  0%| F|  |TAMS 0x0000000619000000, 0x0000000619000000| Untracked 
|  88|0x0000000619400000, 0x0000000619400000, 0x0000000619800000|  0%| F|  |TAMS 0x0000000619400000, 0x0000000619400000| Untracked 
|  89|0x0000000619800000, 0x0000000619800000, 0x0000000619c00000|  0%| F|  |TAMS 0x0000000619800000, 0x0000000619800000| Untracked 
|  90|0x0000000619c00000, 0x0000000619c00000, 0x000000061a000000|  0%| F|  |TAMS 0x0000000619c00000, 0x0000000619c00000| Untracked 
|  91|0x000000061a000000, 0x000000061a000000, 0x000000061a400000|  0%| F|  |TAMS 0x000000061a000000, 0x000000061a000000| Untracked 
|  92|0x000000061a400000, 0x000000061a400000, 0x000000061a800000|  0%| F|  |TAMS 0x000000061a400000, 0x000000061a400000| Untracked 
|  93|0x000000061a800000, 0x000000061a800000, 0x000000061ac00000|  0%| F|  |TAMS 0x000000061a800000, 0x000000061a800000| Untracked 
|  94|0x000000061ac00000, 0x000000061ac00000, 0x000000061b000000|  0%| F|  |TAMS 0x000000061ac00000, 0x000000061ac00000| Untracked 
|  95|0x000000061b000000, 0x000000061b000000, 0x000000061b400000|  0%| F|  |TAMS 0x000000061b000000, 0x000000061b000000| Untracked 
|  96|0x000000061b400000, 0x000000061b400000, 0x000000061b800000|  0%| F|  |TAMS 0x000000061b400000, 0x000000061b400000| Untracked 
|  97|0x000000061b800000, 0x000000061b800000, 0x000000061bc00000|  0%| F|  |TAMS 0x000000061b800000, 0x000000061b800000| Untracked 
|  98|0x000000061bc00000, 0x000000061bc00000, 0x000000061c000000|  0%| F|  |TAMS 0x000000061bc00000, 0x000000061bc00000| Untracked 
|  99|0x000000061c000000, 0x000000061c000000, 0x000000061c400000|  0%| F|  |TAMS 0x000000061c000000, 0x000000061c000000| Untracked 
| 100|0x000000061c400000, 0x000000061c400000, 0x000000061c800000|  0%| F|  |TAMS 0x000000061c400000, 0x000000061c400000| Untracked 
| 101|0x000000061c800000, 0x000000061c800000, 0x000000061cc00000|  0%| F|  |TAMS 0x000000061c800000, 0x000000061c800000| Untracked 
| 102|0x000000061cc00000, 0x000000061cc00000, 0x000000061d000000|  0%| F|  |TAMS 0x000000061cc00000, 0x000000061cc00000| Untracked 
| 103|0x000000061d000000, 0x000000061d000000, 0x000000061d400000|  0%| F|  |TAMS 0x000000061d000000, 0x000000061d000000| Untracked 
| 104|0x000000061d400000, 0x000000061d400000, 0x000000061d800000|  0%| F|  |TAMS 0x000000061d400000, 0x000000061d400000| Untracked 
| 105|0x000000061d800000, 0x000000061d800000, 0x000000061dc00000|  0%| F|  |TAMS 0x000000061d800000, 0x000000061d800000| Untracked 
| 106|0x000000061dc00000, 0x000000061dc00000, 0x000000061e000000|  0%| F|  |TAMS 0x000000061dc00000, 0x000000061dc00000| Untracked 
| 107|0x000000061e000000, 0x000000061e000000, 0x000000061e400000|  0%| F|  |TAMS 0x000000061e000000, 0x000000061e000000| Untracked 
| 108|0x000000061e400000, 0x000000061e400000, 0x000000061e800000|  0%| F|  |TAMS 0x000000061e400000, 0x000000061e400000| Untracked 
| 109|0x000000061e800000, 0x000000061e800000, 0x000000061ec00000|  0%| F|  |TAMS 0x000000061e800000, 0x000000061e800000| Untracked 
| 110|0x000000061ec00000, 0x000000061ec00000, 0x000000061f000000|  0%| F|  |TAMS 0x000000061ec00000, 0x000000061ec00000| Untracked 
| 111|0x000000061f000000, 0x000000061f000000, 0x000000061f400000|  0%| F|  |TAMS 0x000000061f000000, 0x000000061f000000| Untracked 
| 112|0x000000061f400000, 0x000000061f400000, 0x000000061f800000|  0%| F|  |TAMS 0x000000061f400000, 0x000000061f400000| Untracked 
| 113|0x000000061f800000, 0x000000061f800000, 0x000000061fc00000|  0%| F|  |TAMS 0x000000061f800000, 0x000000061f800000| Untracked 
| 114|0x000000061fc00000, 0x000000061fc00000, 0x0000000620000000|  0%| F|  |TAMS 0x000000061fc00000, 0x000000061fc00000| Untracked 
| 115|0x0000000620000000, 0x0000000620000000, 0x0000000620400000|  0%| F|  |TAMS 0x0000000620000000, 0x0000000620000000| Untracked 
| 116|0x0000000620400000, 0x0000000620400000, 0x0000000620800000|  0%| F|  |TAMS 0x0000000620400000, 0x0000000620400000| Untracked 
| 117|0x0000000620800000, 0x0000000620800000, 0x0000000620c00000|  0%| F|  |TAMS 0x0000000620800000, 0x0000000620800000| Untracked 
| 118|0x0000000620c00000, 0x0000000620c00000, 0x0000000621000000|  0%| F|  |TAMS 0x0000000620c00000, 0x0000000620c00000| Untracked 
| 119|0x0000000621000000, 0x0000000621000000, 0x0000000621400000|  0%| F|  |TAMS 0x0000000621000000, 0x0000000621000000| Untracked 
| 120|0x0000000621400000, 0x0000000621400000, 0x0000000621800000|  0%| F|  |TAMS 0x0000000621400000, 0x0000000621400000| Untracked 
| 121|0x0000000621800000, 0x0000000621800000, 0x0000000621c00000|  0%| F|  |TAMS 0x0000000621800000, 0x0000000621800000| Untracked 
| 122|0x0000000621c00000, 0x0000000621c00000, 0x0000000622000000|  0%| F|  |TAMS 0x0000000621c00000, 0x0000000621c00000| Untracked 
| 123|0x0000000622000000, 0x0000000622000000, 0x0000000622400000|  0%| F|  |TAMS 0x0000000622000000, 0x0000000622000000| Untracked 
| 124|0x0000000622400000, 0x0000000622400000, 0x0000000622800000|  0%| F|  |TAMS 0x0000000622400000, 0x0000000622400000| Untracked 
| 125|0x0000000622800000, 0x0000000622800000, 0x0000000622c00000|  0%| F|  |TAMS 0x0000000622800000, 0x0000000622800000| Untracked 
| 126|0x0000000622c00000, 0x0000000622c00000, 0x0000000623000000|  0%| F|  |TAMS 0x0000000622c00000, 0x0000000622c00000| Untracked 
| 127|0x0000000623000000, 0x000000062307ae30, 0x0000000623400000| 12%| E|  |TAMS 0x0000000623000000, 0x0000000623000000| Complete 

Card table byte_map: [0x000001e547f00000,0x000001e548ef0000] _byte_map_base: 0x000001e544ee6000

Marking Bits (Prev, Next): (CMBitMap*) 0x000001e52e4cebf0, (CMBitMap*) 0x000001e52e4cec30
 Prev Bits: [0x000001e549ee0000, 0x000001e551e10000)
 Next Bits: [0x000001e551e10000, 0x000001e559d40000)

Polling page: 0x000001e52e500000

Metaspace:

Usage:
  Non-class:      1.81 KB used.
      Class:    992 bytes used.
       Both:      2.78 KB used.

Virtual space:
  Non-class space:       64.00 MB reserved,      64.00 KB ( <1%) committed,  1 nodes.
      Class space:        1.00 GB reserved,      64.00 KB ( <1%) committed,  1 nodes.
             Both:        1.06 GB reserved,     128.00 KB ( <1%) committed. 

Chunk freelists:
   Non-Class:  12.00 MB
       Class:  15.75 MB
        Both:  27.75 MB

MaxMetaspaceSize: unlimited
CompressedClassSpaceSize: 1.00 GB
Initial GC threshold: 21.00 MB
Current GC threshold: 17179869184.00 GB
CDS: on
MetaspaceReclaimPolicy: balanced
 - commit_granule_bytes: 65536.
 - commit_granule_words: 8192.
 - virtual_space_node_default_size: 8388608.
 - enlarge_chunks_in_place: 1.
 - new_chunks_are_fully_committed: 0.
 - uncommit_free_chunks: 1.
 - use_allocation_guard: 0.
 - handle_deallocations: 1.


Internal statistics:

num_allocs_failed_limit: 0.
num_arena_births: 2.
num_arena_deaths: 0.
num_vsnodes_births: 2.
num_vsnodes_deaths: 0.
num_space_committed: 2.
num_space_uncommitted: 0.
num_chunks_returned_to_freelist: 0.
num_chunks_taken_from_freelist: 3.
num_chunk_merges: 0.
num_chunk_splits: 2.
num_chunks_enlarged: 0.
num_inconsistent_stats: 0.

CodeHeap 'non-profiled nmethods': size=120000Kb used=0Kb max_used=0Kb free=120000Kb
 bounds [0x000001e53ef80000, 0x000001e53f1f0000, 0x000001e5464b0000]
CodeHeap 'profiled nmethods': size=120000Kb used=0Kb max_used=0Kb free=120000Kb
 bounds [0x000001e5374b0000, 0x000001e537720000, 0x000001e53e9e0000]
CodeHeap 'non-nmethods': size=5760Kb used=325Kb max_used=336Kb free=5434Kb
 bounds [0x000001e53e9e0000, 0x000001e53ec50000, 0x000001e53ef80000]
 total_blobs=100 nmethods=0 adapters=73
 compilation: enabled
              stopped_count=0, restarted_count=0
 full_count=0

Compilation events (0 events):
No events

GC Heap History (0 events):
No events

Deoptimization events (0 events):
No events

Classes unloaded (0 events):
No events

Classes redefined (0 events):
No events

Internal exceptions (0 events):
No events

VM Operations (0 events):
No events

Events (3 events):
Event: 0.008 Loaded shared library C:\Program Files\Java\jdk-17_windows-x64_bin\jdk-17.0.9\bin\java.dll
Event: 0.034 Loaded shared library C:\Program Files\Java\jdk-17_windows-x64_bin\jdk-17.0.9\bin\jsvml.dll
Event: 0.034 Thread 0x000001e52e422c00 Thread added: 0x000001e52e422c00


Dynamic libraries:
0x00007ff64c680000 - 0x00007ff64c690000 	C:\Program Files\Java\jdk-17_windows-x64_bin\jdk-17.0.9\bin\java.exe
0x00007ffb23d50000 - 0x00007ffb23f47000 	C:\Windows\SYSTEM32\ntdll.dll
0x00007ffb22b60000 - 0x00007ffb22c1d000 	C:\Windows\System32\KERNEL32.DLL
0x00007ffb21ab0000 - 0x00007ffb21da6000 	C:\Windows\System32\KERNELBASE.dll
0x00007ffb21580000 - 0x00007ffb21680000 	C:\Windows\System32\ucrtbase.dll
0x00007ffb1c040000 - 0x00007ffb1c059000 	C:\Program Files\Java\jdk-17_windows-x64_bin\jdk-17.0.9\bin\jli.dll
0x00007ffb224e0000 - 0x00007ffb2258e000 	C:\Windows\System32\ADVAPI32.dll
0x00007ffb22a00000 - 0x00007ffb22a9e000 	C:\Windows\System32\msvcrt.dll
0x00007ffb22310000 - 0x00007ffb223ac000 	C:\Windows\System32\sechost.dll
0x00007ffb221e0000 - 0x00007ffb22306000 	C:\Windows\System32\RPCRT4.dll
0x00007ffb21e90000 - 0x00007ffb2202e000 	C:\Windows\System32\USER32.dll
0x00007ffb21a80000 - 0x00007ffb21aa2000 	C:\Windows\System32\win32u.dll
0x00007ffb22aa0000 - 0x00007ffb22acc000 	C:\Windows\System32\GDI32.dll
0x00007ffb21680000 - 0x00007ffb2179a000 	C:\Windows\System32\gdi32full.dll
0x00007ffb21900000 - 0x00007ffb2199d000 	C:\Windows\System32\msvcp_win.dll
0x00007ffb1b250000 - 0x00007ffb1b26b000 	C:\Program Files\Java\jdk-17_windows-x64_bin\jdk-17.0.9\bin\VCRUNTIME140.dll
0x00007ffb20810000 - 0x00007ffb20aaa000 	C:\Windows\WinSxS\amd64_microsoft.windows.common-controls_6595b64144ccf1df_6.0.19041.3570_none_60bb2a3971f3e41a\COMCTL32.dll
0x00007ffb190c0000 - 0x00007ffb190ca000 	C:\Windows\SYSTEM32\VERSION.dll
0x00007ffb22c20000 - 0x00007ffb22c50000 	C:\Windows\System32\IMM32.DLL
0x00007ffb1d7a0000 - 0x00007ffb1d7ac000 	C:\Program Files\Java\jdk-17_windows-x64_bin\jdk-17.0.9\bin\vcruntime140_1.dll
0x00007ffb18ac0000 - 0x00007ffb18b4e000 	C:\Program Files\Java\jdk-17_windows-x64_bin\jdk-17.0.9\bin\msvcp140.dll
0x00007ffabd120000 - 0x00007ffabdd01000 	C:\Program Files\Java\jdk-17_windows-x64_bin\jdk-17.0.9\bin\server\jvm.dll
0x00007ffb21e80000 - 0x00007ffb21e88000 	C:\Windows\System32\PSAPI.DLL
0x00007ffb05480000 - 0x00007ffb054a7000 	C:\Windows\SYSTEM32\WINMM.dll
0x00007ffb05170000 - 0x00007ffb05179000 	C:\Windows\SYSTEM32\WSOCK32.dll
0x00007ffb239a0000 - 0x00007ffb23a0b000 	C:\Windows\System32\WS2_32.dll
0x00007ffb1ec20000 - 0x00007ffb1ec32000 	C:\Windows\SYSTEM32\kernel.appcore.dll
0x00007ffb1c030000 - 0x00007ffb1c03a000 	C:\Program Files\Java\jdk-17_windows-x64_bin\jdk-17.0.9\bin\jimage.dll
0x00007ffb20e90000 - 0x00007ffb21074000 	C:\Windows\SYSTEM32\DBGHELP.DLL
0x00007ffb20d80000 - 0x00007ffb20db4000 	C:\Windows\SYSTEM32\dbgcore.DLL
0x00007ffb219a0000 - 0x00007ffb21a22000 	C:\Windows\System32\bcryptPrimitives.dll
0x00007ffb18f70000 - 0x00007ffb18f95000 	C:\Program Files\Java\jdk-17_windows-x64_bin\jdk-17.0.9\bin\java.dll
0x00007ffaed3e0000 - 0x00007ffaed4b7000 	C:\Program Files\Java\jdk-17_windows-x64_bin\jdk-17.0.9\bin\jsvml.dll

dbghelp: loaded successfully - version: 4.0.5 - missing functions: none
symbol engine: initialized successfully - sym options: 0x614 - pdb path: .;C:\Program Files\Java\jdk-17_windows-x64_bin\jdk-17.0.9\bin;C:\Windows\SYSTEM32;C:\Windows\WinSxS\amd64_microsoft.windows.common-controls_6595b64144ccf1df_6.0.19041.3570_none_60bb2a3971f3e41a;C:\Program Files\Java\jdk-17_windows-x64_bin\jdk-17.0.9\bin\server

VM Arguments:
jvm_args: -Dclassworlds.conf=C:\Program Files\apache-maven-3.9.5-bin\apache-maven-3.9.5\bin\m2.conf -Dmaven.home=C:\Program Files\apache-maven-3.9.5-bin\apache-maven-3.9.5 -Dlibrary.jansi.path=C:\Program Files\apache-maven-3.9.5-bin\apache-maven-3.9.5\lib\jansi-native -Dmaven.multiModuleProjectDirectory=D:\MERN Work\Secure Bank\opbank\opbank3 
java_command: org.codehaus.plexus.classworlds.launcher.Launcher clean install
java_class_path (initial): C:\Program Files\apache-maven-3.9.5-bin\apache-maven-3.9.5\boot\plexus-classworlds-2.7.0.jar
Launcher Type: SUN_STANDARD

[Global flags]
     intx CICompilerCount                          = 4                                         {product} {ergonomic}
     uint ConcGCThreads                            = 2                                         {product} {ergonomic}
     uint G1ConcRefinementThreads                  = 8                                         {product} {ergonomic}
   size_t G1HeapRegionSize                         = 4194304                                   {product} {ergonomic}
    uintx GCDrainStackTargetSize                   = 64                                        {product} {ergonomic}
   size_t InitialHeapSize                          = 536870912                                 {product} {ergonomic}
   size_t MarkStackSize                            = 4194304                                   {product} {ergonomic}
   size_t MaxHeapSize                              = 8535408640                                {product} {ergonomic}
   size_t MaxNewSize                               = 5121245184                                {product} {ergonomic}
   size_t MinHeapDeltaBytes                        = 4194304                                   {product} {ergonomic}
   size_t MinHeapSize                              = 8388608                                   {product} {ergonomic}
    uintx NonNMethodCodeHeapSize                   = 5839372                                {pd product} {ergonomic}
    uintx NonProfiledCodeHeapSize                  = 122909434                              {pd product} {ergonomic}
    uintx ProfiledCodeHeapSize                     = 122909434                              {pd product} {ergonomic}
    uintx ReservedCodeCacheSize                    = 251658240                              {pd product} {ergonomic}
     bool SegmentedCodeCache                       = true                                      {product} {ergonomic}
   size_t SoftMaxHeapSize                          = 8535408640                             {manageable} {ergonomic}
     bool UseCompressedClassPointers               = true                           {product lp64_product} {ergonomic}
     bool UseCompressedOops                        = true                           {product lp64_product} {ergonomic}
     bool UseG1GC                                  = true                                      {product} {ergonomic}
     bool UseLargePagesIndividualAllocation        = false                                  {pd product} {ergonomic}

Logging:
Log output configuration:
 #0: stdout all=warning uptime,level,tags
 #1: stderr all=off uptime,level,tags

Environment Variables:
JAVA_HOME=C:\Program Files\Java\jdk-17_windows-x64_bin\jdk-17.0.9
PATH=C:\Program Files\apache-maven-3.9.5-bin\apache-maven-3.9.5\bin;C:\Program Files\Java\jdk-17_windows-x64_bin\jdk-17.0.9\bin;C:\Program Files (x86)\VMware\VMware Workstation\bin\;C:\Program Files\Python310\Scripts\;C:\Program Files\Python310\;C:\Windows\system32;C:\Windows;C:\Windows\System32\Wbem;C:\Windows\System32\WindowsPowerShell\v1.0\;C:\Windows\System32\OpenSSH\;C:\Program Files\nodejs\;C:\Program Files\Git\cmd;C:\Program Files\MongoDB\Server\6.0\bin;C:\Android\Sdk\platform-tools\;C:\Android\Sdk\tools\bin;C:\Program Files\MySQL\MySQL Server 8.0\bin;C:\Program Files (x86)\Microsoft SQL Server\160\Tools\Binn\;C:\Program Files\Microsoft SQL Server\160\Tools\Binn\;C:\Program Files\Microsoft SQL Server\Client SDK\ODBC\170\Tools\Binn\;C:\Program Files\Microsoft SQL Server\160\DTS\Binn\;C:\Program Files (x86)\Microsoft SQL Server\160\DTS\Binn\;C:\Program Files\Azure Data Studio\bin;C:\Program Files\MySQL\MySQL Shell 8.0\bin\;C:\Users\Shah Rukh Ghazaan\AppData\Local\Programs\Microsoft VS Code\bin;C:\Program Files\Azure Data Studio\bin;C:\Users\Shah Rukh Ghazaan\AppData\Local\GitHubDesktop\bin;
USERNAME=Shah Rukh Ghazaan
LANG=en_US.UTF-8
OS=Windows_NT
PROCESSOR_IDENTIFIER=Intel64 Family 6 Model 142 Stepping 12, GenuineIntel



---------------  S Y S T E M  ---------------

OS:
 Windows 10 , 64 bit Build 19041 (10.0.19041.3570)
OS uptime: 0 days 18:05 hours
Hyper-V role detected

CPU: total 8 (initial active 8) (4 cores per cpu, 2 threads per core) family 6 model 142 stepping 12 microcode 0xca, cx8, cmov, fxsr, ht, mmx, 3dnowpref, sse, sse2, sse3, ssse3, sse4.1, sse4.2, popcnt, lzcnt, tsc, tscinvbit, avx, avx2, aes, erms, clmul, bmi1, bmi2, adx, fma, vzeroupper, clflush, clflushopt, hv

Memory: 4k page, system-wide physical 32555M (23552M free)
TotalPageFile size 37419M (AvailPageFile size 27294M)
current process WorkingSet (physical memory assigned to process): 27M, peak: 27M
current process commit charge ("private bytes"): 606M, peak: 606M

vm_info: Java HotSpot(TM) 64-Bit Server VM (17.0.9+11-LTS-201) for windows-amd64 JRE (17.0.9+11-LTS-201), built on Oct 10 2023 23:16:06 by "mach5one" with MS VC++ 17.1 (VS2022)

END.
